#
# There is insufficient memory for the Java Runtime Environment to continue.
# Native memory allocation (malloc) failed to allocate 37936 bytes for Chunk::new
# Possible reasons:
#   The system is out of physical RAM or swap space
#   In 32 bit mode, the process size limit was hit
# Possible solutions:
#   Reduce memory load on the system
#   Increase physical memory or swap space
#   Check if swap backing store is full
#   Use 64 bit Java on a 64 bit OS
#   Decrease Java heap size (-Xmx/-Xms)
#   Decrease number of Java threads
#   Decrease Java thread stack sizes (-Xss)
#   Set larger code cache with -XX:ReservedCodeCacheSize=
# This output file may be truncated or incomplete.
#
#  Out of Memory Error (allocation.cpp:390), pid=4712, tid=0x00000000000012ac
#
# JRE version: Java(TM) SE Runtime Environment (8.0_111-b14) (build 1.8.0_111-b14)
# Java VM: Java HotSpot(TM) 64-Bit Server VM (25.111-b14 mixed mode windows-amd64 compressed oops)
# Failed to write core dump. Minidumps are not enabled by default on client versions of Windows
#

---------------  T H R E A D  ---------------

Current thread (0x0000000054d46000):  JavaThread "C2 CompilerThread0" daemon [_thread_in_native, id=4780, stack(0x0000000055e50000,0x0000000055f50000)]

Stack: [0x0000000055e50000,0x0000000055f50000]
[error occurred during error reporting (printing stack bounds), id 0xc0000005]

Native frames: (J=compiled Java code, j=interpreted, Vv=VM code, C=native code)


Current CompileTask:
C2:  12593 1933       4       java.util.HashMap::put (13 bytes)


---------------  P R O C E S S  ---------------

Java Threads: ( => current thread )
  0x0000000054d57000 JavaThread "Service Thread" daemon [_thread_blocked, id=4788, stack(0x0000000056280000,0x0000000056380000)]
  0x0000000054d4c800 JavaThread "C1 CompilerThread1" daemon [_thread_blocked, id=4784, stack(0x0000000056080000,0x0000000056180000)]
=>0x0000000054d46000 JavaThread "C2 CompilerThread0" daemon [_thread_in_native, id=4780, stack(0x0000000055e50000,0x0000000055f50000)]
  0x0000000054d45000 JavaThread "Attach Listener" daemon [_thread_blocked, id=4776, stack(0x0000000055bd0000,0x0000000055cd0000)]
  0x0000000054d43800 JavaThread "Signal Dispatcher" daemon [_thread_blocked, id=4772, stack(0x00000000559c0000,0x0000000055ac0000)]
  0x0000000054d2e800 JavaThread "Finalizer" daemon [_thread_blocked, id=4768, stack(0x0000000055ad0000,0x0000000055bd0000)]
  0x0000000054ce5800 JavaThread "Reference Handler" daemon [_thread_blocked, id=4764, stack(0x0000000055860000,0x0000000055960000)]
  0x00000000001ae000 JavaThread "main" [_thread_in_native, id=4748, stack(0x00000000023f0000,0x00000000024f0000)]

Other Threads:
  0x0000000054cdd000 VMThread [stack: 0x0000000055760000,0x0000000055860000] [id=4760]
  0x0000000056391000 WatcherThread [stack: 0x0000000056890000,0x0000000056990000] [id=4792]

VM state:not at safepoint (normal execution)

VM Mutex/Monitor currently owned by a thread: None

Heap:
 PSYoungGen      total 35328K, used 13514K [0x00000000eab00000, 0x00000000ef000000, 0x0000000100000000)
  eden space 32768K, 33% used [0x00000000eab00000,0x00000000eb5b6778,0x00000000ecb00000)
  from space 2560K, 99% used [0x00000000ecb00000,0x00000000ecd7c210,0x00000000ecd80000)
  to   space 2560K, 0% used [0x00000000eed80000,0x00000000eed80000,0x00000000ef000000)
 ParOldGen       total 44032K, used 8451K [0x00000000c0000000, 0x00000000c2b00000, 0x00000000eab00000)
  object space 44032K, 19% used [0x00000000c0000000,0x00000000c0840eb8,0x00000000c2b00000)
 Metaspace       used 6906K, capacity 7512K, committed 7680K, reserved 1056768K
  class space    used 686K, capacity 720K, committed 768K, reserved 1048576K

Card table byte_map: [0x0000000011b80000,0x0000000011d90000] byte_map_base: 0x0000000011580000

Marking Bits: (ParMarkBitMap*) 0x0000000071c7a6c0
 Begin Bits: [0x00000000121b0000, 0x00000000131b0000)
 End Bits:   [0x00000000131b0000, 0x00000000141b0000)

Polling page: 0x0000000000140000

CodeCache: size=245760Kb used=7102Kb max_used=7102Kb free=238657Kb
 bounds [0x00000000027c0000, 0x0000000002ec0000, 0x00000000117c0000]
 total_blobs=2158 nmethods=1883 adapters=189
 compilation: enabled

Compilation events (10 events):
Event: 12.108 Thread 0x0000000054d4c800 nmethod 1929 0x0000000002ead110 code [0x0000000002ead440, 0x0000000002eaec98]
Event: 12.219 Thread 0x0000000054d4c800 1930       3       sun.misc.FDBigInteger::mult (64 bytes)
Event: 12.219 Thread 0x0000000054d4c800 nmethod 1930 0x0000000002ea74d0 code [0x0000000002ea7640, 0x0000000002ea78d0]
Event: 12.219 Thread 0x0000000054d4c800 1931       3       sun.misc.FDBigInteger::<init> (30 bytes)
Event: 12.220 Thread 0x0000000054d4c800 nmethod 1931 0x0000000002eacc90 code [0x0000000002eace00, 0x0000000002ead008]
Event: 12.220 Thread 0x0000000054d4c800 1932       3       sun.misc.FDBigInteger::trimLeadingZeros (57 bytes)
Event: 12.220 Thread 0x0000000054d4c800 nmethod 1932 0x0000000002eac6d0 code [0x0000000002eac840, 0x0000000002eacb70]
Event: 12.558 Thread 0x0000000054d46000 1933       4       java.util.HashMap::put (13 bytes)
Event: 12.558 Thread 0x0000000054d4c800 1934  s    3       java.util.Hashtable::put (104 bytes)
Event: 12.558 Thread 0x0000000054d4c800 nmethod 1934 0x0000000002ea9550 code [0x0000000002ea9720, 0x0000000002ea9e98]

GC Heap History (6 events):
Event: 5.731 GC heap before
{Heap before GC invocations=1 (full 0):
 PSYoungGen      total 18944K, used 16384K [0x00000000eab00000, 0x00000000ec000000, 0x0000000100000000)
  eden space 16384K, 100% used [0x00000000eab00000,0x00000000ebb00000,0x00000000ebb00000)
  from space 2560K, 0% used [0x00000000ebd80000,0x00000000ebd80000,0x00000000ec000000)
  to   space 2560K, 0% used [0x00000000ebb00000,0x00000000ebb00000,0x00000000ebd80000)
 ParOldGen       total 44032K, used 0K [0x00000000c0000000, 0x00000000c2b00000, 0x00000000eab00000)
  object space 44032K, 0% used [0x00000000c0000000,0x00000000c0000000,0x00000000c2b00000)
 Metaspace       used 5908K, capacity 6808K, committed 7168K, reserved 1056768K
  class space    used 619K, capacity 656K, committed 768K, reserved 1048576K
Event: 6.594 GC heap after
Heap after GC invocations=1 (full 0):
 PSYoungGen      total 18944K, used 2555K [0x00000000eab00000, 0x00000000ed000000, 0x0000000100000000)
  eden space 16384K, 0% used [0x00000000eab00000,0x00000000eab00000,0x00000000ebb00000)
  from space 2560K, 99% used [0x00000000ebb00000,0x00000000ebd7ec90,0x00000000ebd80000)
  to   space 2560K, 0% used [0x00000000ecd80000,0x00000000ecd80000,0x00000000ed000000)
 ParOldGen       total 44032K, used 1921K [0x00000000c0000000, 0x00000000c2b00000, 0x00000000eab00000)
  object space 44032K, 4% used [0x00000000c0000000,0x00000000c01e0790,0x00000000c2b00000)
 Metaspace       used 5908K, capacity 6808K, committed 7168K, reserved 1056768K
  class space    used 619K, capacity 656K, committed 768K, reserved 1048576K
}
Event: 7.782 GC heap before
{Heap before GC invocations=2 (full 0):
 PSYoungGen      total 18944K, used 18939K [0x00000000eab00000, 0x00000000ed000000, 0x0000000100000000)
  eden space 16384K, 100% used [0x00000000eab00000,0x00000000ebb00000,0x00000000ebb00000)
  from space 2560K, 99% used [0x00000000ebb00000,0x00000000ebd7ec90,0x00000000ebd80000)
  to   space 2560K, 0% used [0x00000000ecd80000,0x00000000ecd80000,0x00000000ed000000)
 ParOldGen       total 44032K, used 1921K [0x00000000c0000000, 0x00000000c2b00000, 0x00000000eab00000)
  object space 44032K, 4% used [0x00000000c0000000,0x00000000c01e0790,0x00000000c2b00000)
 Metaspace       used 6156K, capacity 7000K, committed 7168K, reserved 1056768K
  class space    used 623K, capacity 656K, committed 768K, reserved 1048576K
Event: 7.865 GC heap after
Heap after GC invocations=2 (full 0):
 PSYoungGen      total 35328K, used 2529K [0x00000000eab00000, 0x00000000ed000000, 0x0000000100000000)
  eden space 32768K, 0% used [0x00000000eab00000,0x00000000eab00000,0x00000000ecb00000)
  from space 2560K, 98% used [0x00000000ecd80000,0x00000000ecff8410,0x00000000ed000000)
  to   space 2560K, 0% used [0x00000000ecb00000,0x00000000ecb00000,0x00000000ecd80000)
 ParOldGen       total 44032K, used 4132K [0x00000000c0000000, 0x00000000c2b00000, 0x00000000eab00000)
  object space 44032K, 9% used [0x00000000c0000000,0x00000000c0409340,0x00000000c2b00000)
 Metaspace       used 6156K, capacity 7000K, committed 7168K, reserved 1056768K
  class space    used 623K, capacity 656K, committed 768K, reserved 1048576K
}
Event: 10.050 GC heap before
{Heap before GC invocations=3 (full 0):
 PSYoungGen      total 35328K, used 35297K [0x00000000eab00000, 0x00000000ed000000, 0x0000000100000000)
  eden space 32768K, 100% used [0x00000000eab00000,0x00000000ecb00000,0x00000000ecb00000)
  from space 2560K, 98% used [0x00000000ecd80000,0x00000000ecff8410,0x00000000ed000000)
  to   space 2560K, 0% used [0x00000000ecb00000,0x00000000ecb00000,0x00000000ecd80000)
 ParOldGen       total 44032K, used 4132K [0x00000000c0000000, 0x00000000c2b00000, 0x00000000eab00000)
  object space 44032K, 9% used [0x00000000c0000000,0x00000000c0409340,0x00000000c2b00000)
 Metaspace       used 6367K, capacity 7160K, committed 7424K, reserved 1056768K
  class space    used 644K, capacity 688K, committed 768K, reserved 1048576K
Event: 10.085 GC heap after
Heap after GC invocations=3 (full 0):
 PSYoungGen      total 35328K, used 2544K [0x00000000eab00000, 0x00000000ef000000, 0x0000000100000000)
  eden space 32768K, 0% used [0x00000000eab00000,0x00000000eab00000,0x00000000ecb00000)
  from space 2560K, 99% used [0x00000000ecb00000,0x00000000ecd7c210,0x00000000ecd80000)
  to   space 2560K, 0% used [0x00000000eed80000,0x00000000eed80000,0x00000000ef000000)
 ParOldGen       total 44032K, used 8451K [0x00000000c0000000, 0x00000000c2b00000, 0x00000000eab00000)
  object space 44032K, 19% used [0x00000000c0000000,0x00000000c0840eb8,0x00000000c2b00000)
 Metaspace       used 6367K, capacity 7160K, committed 7424K, reserved 1056768K
  class space    used 644K, capacity 688K, committed 768K, reserved 1048576K
}

Deoptimization events (10 events):
Event: 10.970 Thread 0x00000000001ae000 Uncommon trap: reason=class_check action=maybe_recompile pc=0x0000000002bd5d50 method=java.util.Arrays.hashCode([Ljava/lang/Object;)I @ 43
Event: 11.311 Thread 0x00000000001ae000 Uncommon trap: reason=speculate_class_check action=maybe_recompile pc=0x0000000002bd0c14 method=com.android.dx.util.FixedSizeList.equals(Ljava/lang/Object;)Z @ 25
Event: 11.311 Thread 0x00000000001ae000 Uncommon trap: reason=speculate_class_check action=maybe_recompile pc=0x0000000002bd0c14 method=com.android.dx.util.FixedSizeList.equals(Ljava/lang/Object;)Z @ 25
Event: 11.312 Thread 0x00000000001ae000 Uncommon trap: reason=speculate_class_check action=maybe_recompile pc=0x0000000002bd0c14 method=com.android.dx.util.FixedSizeList.equals(Ljava/lang/Object;)Z @ 25
Event: 11.312 Thread 0x00000000001ae000 Uncommon trap: reason=speculate_class_check action=maybe_recompile pc=0x0000000002bd0c14 method=com.android.dx.util.FixedSizeList.equals(Ljava/lang/Object;)Z @ 25
Event: 12.221 Thread 0x00000000001ae000 Uncommon trap: reason=unstable_if action=reinterpret pc=0x0000000002b080b8 method=java.util.Arrays.copyOf([Ljava/lang/Object;ILjava/lang/Class;)[Ljava/lang/Object; @ 3
Event: 12.556 Thread 0x00000000001ae000 Uncommon trap: reason=speculate_class_check action=maybe_recompile pc=0x0000000002dd8d60 method=java.util.HashMap.putVal(ILjava/lang/Object;Ljava/lang/Object;ZZ)Ljava/lang/Object; @ 56
Event: 12.556 Thread 0x00000000001ae000 Uncommon trap: reason=speculate_class_check action=maybe_recompile pc=0x0000000002dd8dc8 method=java.util.HashMap.putVal(ILjava/lang/Object;Ljava/lang/Object;ZZ)Ljava/lang/Object; @ 152
Event: 12.556 Thread 0x00000000001ae000 Uncommon trap: reason=speculate_class_check action=maybe_recompile pc=0x0000000002dd8d60 method=java.util.HashMap.putVal(ILjava/lang/Object;Ljava/lang/Object;ZZ)Ljava/lang/Object; @ 56
Event: 12.556 Thread 0x00000000001ae000 Uncommon trap: reason=speculate_class_check action=maybe_recompile pc=0x0000000002dd8d60 method=java.util.HashMap.putVal(ILjava/lang/Object;Ljava/lang/Object;ZZ)Ljava/lang/Object; @ 56

Internal exceptions (7 events):
Event: 0.178 Thread 0x00000000001ae000 Exception <a 'java/lang/NoSuchMethodError': Method sun.misc.Unsafe.defineClass(Ljava/lang/String;[BII)Ljava/lang/Class; name or signature does not match> (0x00000000eab07c78) thrown at [C:\re\workspace\8-2-build-windows-amd64-cygwin\jdk8u111\7883\hotspot\
Event: 0.179 Thread 0x00000000001ae000 Exception <a 'java/lang/NoSuchMethodError': Method sun.misc.Unsafe.prefetchRead(Ljava/lang/Object;J)V name or signature does not match> (0x00000000eab07f60) thrown at [C:\re\workspace\8-2-build-windows-amd64-cygwin\jdk8u111\7883\hotspot\src\share\vm\prims
Event: 0.799 Thread 0x00000000001ae000 Exception <a 'java/io/FileNotFoundException'> (0x00000000eab5b020) thrown at [C:\re\workspace\8-2-build-windows-amd64-cygwin\jdk8u111\7883\hotspot\src\share\vm\prims\jni.cpp, line 709]
Event: 8.192 Thread 0x00000000001ae000 Implicit null exception at 0x0000000002ab9752 to 0x0000000002ab9842
Event: 8.844 Thread 0x00000000564d1000 Exception <a 'java/lang/ArrayIndexOutOfBoundsException': 18> (0x00000000eb9604f0) thrown at [C:\re\workspace\8-2-build-windows-amd64-cygwin\jdk8u111\7883\hotspot\src\share\vm\interpreter\interpreterRuntime.cpp, line 366]
Event: 8.845 Thread 0x00000000564d1000 Exception <a 'java/lang/ArrayIndexOutOfBoundsException': 145> (0x00000000eb962070) thrown at [C:\re\workspace\8-2-build-windows-amd64-cygwin\jdk8u111\7883\hotspot\src\share\vm\interpreter\interpreterRuntime.cpp, line 366]
Event: 8.867 Thread 0x00000000564d1000 Exception <a 'java/lang/ArrayIndexOutOfBoundsException'> (0x00000000eb963358) thrown at [C:\re\workspace\8-2-build-windows-amd64-cygwin\jdk8u111\7883\hotspot\src\share\vm\runtime\sharedRuntime.cpp, line 605]

Events (10 events):
Event: 12.556 Thread 0x00000000001ae000 Uncommon trap: trap_request=0xffffff76 fr.pc=0x0000000002dd8dc8
Event: 12.556 Thread 0x00000000001ae000 DEOPT PACKING pc=0x0000000002dd8dc8 sp=0x00000000024ed600
Event: 12.556 Thread 0x00000000001ae000 DEOPT UNPACKING pc=0x000000000280582a sp=0x00000000024ed518 mode 2
Event: 12.556 Thread 0x00000000001ae000 Uncommon trap: trap_request=0xffffff76 fr.pc=0x0000000002dd8d60
Event: 12.556 Thread 0x00000000001ae000 DEOPT PACKING pc=0x0000000002dd8d60 sp=0x00000000024ed600
Event: 12.556 Thread 0x00000000001ae000 DEOPT UNPACKING pc=0x000000000280582a sp=0x00000000024ed510 mode 2
Event: 12.556 Thread 0x00000000001ae000 Uncommon trap: trap_request=0xffffff76 fr.pc=0x0000000002dd8d60
Event: 12.556 Thread 0x00000000001ae000 DEOPT PACKING pc=0x0000000002dd8d60 sp=0x00000000024ed600
Event: 12.556 Thread 0x00000000001ae000 DEOPT UNPACKING pc=0x000000000280582a sp=0x00000000024ed510 mode 2
Event: 12.559 loading class java/util/LinkedHashMap$LinkedEntrySet


Dynamic libraries:
0x000000013ff40000 - 0x000000013ff77000 	C:\Program Files\Java\jdk1.8.0_111\bin\java.exe
0x0000000077bd0000 - 0x0000000077d79000 	C:\Windows\SYSTEM32\ntdll.dll
0x00000000779b0000 - 0x0000000077acf000 	C:\Windows\system32\kernel32.dll
0x000007fefdba0000 - 0x000007fefdc0c000 	C:\Windows\system32\KERNELBASE.dll
0x000007fefec50000 - 0x000007fefed2b000 	C:\Windows\system32\ADVAPI32.dll
0x000007feffe40000 - 0x000007feffedf000 	C:\Windows\system32\msvcrt.dll
0x000007feffe20000 - 0x000007feffe3f000 	C:\Windows\SYSTEM32\sechost.dll
0x000007fefe8c0000 - 0x000007fefe9ed000 	C:\Windows\system32\RPCRT4.dll
0x0000000077ad0000 - 0x0000000077bca000 	C:\Windows\system32\USER32.dll
0x000007fefe850000 - 0x000007fefe8b7000 	C:\Windows\system32\GDI32.dll
0x000007fefe0c0000 - 0x000007fefe0ce000 	C:\Windows\system32\LPK.dll
0x000007fefe5c0000 - 0x000007fefe689000 	C:\Windows\system32\USP10.dll
0x000007fefc570000 - 0x000007fefc764000 	C:\Windows\WinSxS\amd64_microsoft.windows.common-controls_6595b64144ccf1df_6.0.7601.17514_none_fa396087175ac9ac\COMCTL32.dll
0x000007fefe770000 - 0x000007fefe7e1000 	C:\Windows\system32\SHLWAPI.dll
0x000007feffdf0000 - 0x000007feffe1e000 	C:\Windows\system32\IMM32.DLL
0x000007fefed30000 - 0x000007fefee39000 	C:\Windows\system32\MSCTF.dll
0x0000000071d00000 - 0x0000000071dd2000 	C:\Program Files\Java\jdk1.8.0_111\jre\bin\msvcr100.dll
0x0000000071460000 - 0x0000000071cfa000 	C:\Program Files\Java\jdk1.8.0_111\jre\bin\server\jvm.dll
0x000007fef1760000 - 0x000007fef1769000 	C:\Windows\system32\WSOCK32.dll
0x000007fefe0f0000 - 0x000007fefe13d000 	C:\Windows\system32\WS2_32.dll
0x000007fefee40000 - 0x000007fefee48000 	C:\Windows\system32\NSI.dll
0x000007fefb9c0000 - 0x000007fefb9fb000 	C:\Windows\system32\WINMM.dll
0x000007fefcc30000 - 0x000007fefcc3c000 	C:\Windows\system32\VERSION.dll
0x0000000077da0000 - 0x0000000077da7000 	C:\Windows\system32\PSAPI.DLL
0x00000000728c0000 - 0x00000000728cf000 	C:\Program Files\Java\jdk1.8.0_111\jre\bin\verify.dll
0x0000000072890000 - 0x00000000728b9000 	C:\Program Files\Java\jdk1.8.0_111\jre\bin\java.dll
0x0000000072870000 - 0x0000000072886000 	C:\Program Files\Java\jdk1.8.0_111\jre\bin\zip.dll
0x000007fefee50000 - 0x000007feffbd9000 	C:\Windows\system32\SHELL32.dll
0x000007fefe3b0000 - 0x000007fefe5b3000 	C:\Windows\system32\ole32.dll
0x000007fefdad0000 - 0x000007fefdadf000 	C:\Windows\system32\profapi.dll

VM Arguments:
jvm_args: -Djava.awt.headless=true -Xmx1024M -Dfile.encoding=windows-1251 -Duser.country=RU -Duser.language=ru -Duser.variant 
java_command: com.android.dx.command.Main --dex --num-threads=4 --output C:\!DISK\GitHub\Socket\rnchat\android\app\build\intermediates\pre-dexed\debug\okio-1.13.0_d4a67dccf1ea53774d651d46fd25cf24d33c0a1d.jar C:\Users\ed\.gradle\caches\modules-2\files-2.1\com.squareup.okio\okio\1.13.0\a9283170b7305c8d92d25aff02a6ab7e45d06cbe\okio-1.13.0.jar
java_class_path (initial): C:\Users\ed\AppData\Local\Android\sdk\build-tools\23.0.1\lib\dx.jar
Launcher Type: SUN_STANDARD

Environment Variables:
CLASSPATH=C:\!DISK\GitHub\Socket\rnchat\android\\gradle\wrapper\gradle-wrapper.jar
PATH=C:\ProgramData\Oracle\Java\javapath;C:\Windows\system32;C:\Windows;C:\Windows\System32\Wbem;C:\Windows\System32\WindowsPowerShell\v1.0\;C:\Program Files\Git\cmd;C:\Program Files\nodejs\;C:\Program Files (x86)\Skype\Phone\;C:\Users\ed\AppData\Roaming\npm;C:\Program Files\Heroku\bin;C:\Program Files\Java\jdk1.8.0_111\bin
USERNAME=ed
OS=Windows_NT
PROCESSOR_IDENTIFIER=Intel64 Family 6 Model 55 Stepping 8, GenuineIntel



---------------  S Y S T E M  ---------------

OS: Windows 7 , 64 bit Build 7601 (6.1.7601.18409)

CPU:total 2 (2 cores per cpu, 1 threads per core) family 6 model 55 stepping 8, cmov, cx8, fxsr, mmx, sse, sse2, sse3, ssse3, sse4.1, sse4.2, popcnt, clmul, erms, 3dnowpref, tsc, tscinvbit

Memory: 4k page, physical 4075892k(238004k free), swap 5098036k(5108k free)

vm_info: Java HotSpot(TM) 64-Bit Server VM (25.111-b14) for windows-amd64 JRE (1.8.0_111-b14), built on Sep 22 2016 19:24:05 by "java_re" with MS VC++ 10.0 (VS2010)

time: Fri Mar 09 16:34:55 2018
elapsed time: 12 seconds (0d 0h 0m 12s)

