#
# There is insufficient memory for the Java Runtime Environment to continue.
# Native memory allocation (malloc) failed to allocate 32744 bytes for ChunkPool::allocate
# Possible reasons:
#   The system is out of physical RAM or swap space
#   In 32 bit mode, the process size limit was hit
# Possible solutions:
#   Reduce memory load on the system
#   Increase physical memory or swap space
#   Check if swap backing store is full
#   Use 64 bit Java on a 64 bit OS
#   Decrease Java heap size (-Xmx/-Xms)
#   Decrease number of Java threads
#   Decrease Java thread stack sizes (-Xss)
#   Set larger code cache with -XX:ReservedCodeCacheSize=
# This output file may be truncated or incomplete.
#
#  Out of Memory Error (allocation.cpp:273), pid=3720, tid=0x0000000000000c34
#
# JRE version: Java(TM) SE Runtime Environment (8.0_111-b14) (build 1.8.0_111-b14)
# Java VM: Java HotSpot(TM) 64-Bit Server VM (25.111-b14 mixed mode windows-amd64 compressed oops)
# Failed to write core dump. Minidumps are not enabled by default on client versions of Windows
#

---------------  T H R E A D  ---------------

Current thread (0x0000000054d26800):  JavaThread "C2 CompilerThread0" daemon [_thread_in_native, id=3124, stack(0x0000000055a50000,0x0000000055b50000)]

Stack: [0x0000000055a50000,0x0000000055b50000]
[error occurred during error reporting (printing stack bounds), id 0xc0000005]

Native frames: (J=compiled Java code, j=interpreted, Vv=VM code, C=native code)


Current CompileTask:
C2:  64019 2128   !   4       com.android.dx.cf.code.BytecodeArray::parseInstruction (2764 bytes)


---------------  P R O C E S S  ---------------

Java Threads: ( => current thread )
  0x00000000565f7000 JavaThread "pool-1-thread-4" [_thread_in_Java, id=640, stack(0x0000000056dc0000,0x0000000056ec0000)]
  0x00000000565f2000 JavaThread "pool-1-thread-3" [_thread_blocked, id=3972, stack(0x0000000056c30000,0x0000000056d30000)]
  0x00000000565ea800 JavaThread "pool-1-thread-2" [_thread_blocked, id=3312, stack(0x0000000056a90000,0x0000000056b90000)]
  0x00000000565e0000 JavaThread "pool-2-thread-1" [_thread_blocked, id=2212, stack(0x00000000568d0000,0x00000000569d0000)]
  0x00000000565c7800 JavaThread "pool-1-thread-1" [_thread_blocked, id=3216, stack(0x00000000560b0000,0x00000000561b0000)]
  0x0000000054d38000 JavaThread "Service Thread" daemon [_thread_blocked, id=2936, stack(0x00000000561c0000,0x00000000562c0000)]
  0x0000000054d2c800 JavaThread "C1 CompilerThread1" daemon [_thread_blocked, id=1580, stack(0x0000000055f10000,0x0000000056010000)]
=>0x0000000054d26800 JavaThread "C2 CompilerThread0" daemon [_thread_in_native, id=3124, stack(0x0000000055a50000,0x0000000055b50000)]
  0x0000000054d25000 JavaThread "Attach Listener" daemon [_thread_blocked, id=1492, stack(0x0000000055d70000,0x0000000055e70000)]
  0x0000000054d23800 JavaThread "Signal Dispatcher" daemon [_thread_blocked, id=2312, stack(0x0000000055b60000,0x0000000055c60000)]
  0x0000000054d09000 JavaThread "Finalizer" daemon [_thread_blocked, id=2392, stack(0x0000000055810000,0x0000000055910000)]
  0x0000000054cc5800 JavaThread "Reference Handler" daemon [_thread_blocked, id=1548, stack(0x0000000055920000,0x0000000055a20000)]
  0x000000000216e000 JavaThread "main" [_thread_blocked, id=4020, stack(0x00000000023d0000,0x00000000024d0000)]

Other Threads:
  0x0000000054cbd000 VMThread [stack: 0x00000000556e0000,0x00000000557e0000] [id=3516]
  0x00000000562d6000 WatcherThread [stack: 0x00000000567d0000,0x00000000568d0000] [id=1228]

VM state:not at safepoint (normal execution)

VM Mutex/Monitor currently owned by a thread: None

Heap:
 PSYoungGen      total 143872K, used 22402K [0x00000000eab00000, 0x00000000fdb00000, 0x0000000100000000)
  eden space 128000K, 7% used [0x00000000eab00000,0x00000000eb4ec340,0x00000000f2800000)
  from space 15872K, 77% used [0x00000000f2800000,0x00000000f33f4888,0x00000000f3780000)
  to   space 27648K, 0% used [0x00000000fc000000,0x00000000fc000000,0x00000000fdb00000)
 ParOldGen       total 88064K, used 44224K [0x00000000c0000000, 0x00000000c5600000, 0x00000000eab00000)
  object space 88064K, 50% used [0x00000000c0000000,0x00000000c2b302a0,0x00000000c5600000)
 Metaspace       used 6464K, capacity 7256K, committed 7424K, reserved 1056768K
  class space    used 632K, capacity 656K, committed 768K, reserved 1048576K

Card table byte_map: [0x0000000011b60000,0x0000000011d70000] byte_map_base: 0x0000000011560000

Marking Bits: (ParMarkBitMap*) 0x000000007168a6c0
 Begin Bits: [0x0000000012190000, 0x0000000013190000)
 End Bits:   [0x0000000013190000, 0x0000000014190000)

Polling page: 0x0000000002150000

CodeCache: size=245760Kb used=7746Kb max_used=9566Kb free=238013Kb
 bounds [0x00000000027a0000, 0x0000000003120000, 0x00000000117a0000]
 total_blobs=2021 nmethods=1758 adapters=176
 compilation: enabled

Compilation events (10 events):
Event: 63.721 Thread 0x0000000054d2c800 2161       1       java.lang.ref.Finalizer::access$000 (4 bytes)
Event: 63.722 Thread 0x0000000054d2c800 nmethod 2161 0x0000000002cf84d0 code [0x0000000002cf8620, 0x0000000002cf8710]
Event: 63.729 Thread 0x0000000054d2c800 2162       2       java.util.DualPivotQuicksort::sort (1195 bytes)
Event: 63.734 Thread 0x0000000054d2c800 nmethod 2162 0x0000000002a63fd0 code [0x0000000002a642c0, 0x0000000002a657a8]
Event: 63.735 Thread 0x0000000054d26800 nmethod 2086 0x0000000002c5fe90 code [0x0000000002c600c0, 0x0000000002c61e08]
Event: 63.736 Thread 0x0000000054d26800 2128   !   4       com.android.dx.cf.code.BytecodeArray::parseInstruction (2764 bytes)
Event: 63.736 Thread 0x0000000054d2c800 2163       2       java.util.Arrays::sort (19 bytes)
Event: 63.736 Thread 0x0000000054d2c800 nmethod 2163 0x00000000029f4a10 code [0x00000000029f4b80, 0x00000000029f4d38]
Event: 63.736 Thread 0x0000000054d2c800 2164       2       java.util.DualPivotQuicksort::sort (614 bytes)
Event: 63.739 Thread 0x0000000054d2c800 nmethod 2164 0x0000000002b6cd10 code [0x0000000002b6cf60, 0x0000000002b6dcd8]

GC Heap History (10 events):
Event: 20.638 GC heap before
{Heap before GC invocations=4 (full 0):
 PSYoungGen      total 35328K, used 35321K [0x00000000eab00000, 0x00000000ef000000, 0x0000000100000000)
  eden space 32768K, 100% used [0x00000000eab00000,0x00000000ecb00000,0x00000000ecb00000)
  from space 2560K, 99% used [0x00000000ecb00000,0x00000000ecd7e628,0x00000000ecd80000)
  to   space 2560K, 0% used [0x00000000eed80000,0x00000000eed80000,0x00000000ef000000)
 ParOldGen       total 44032K, used 9179K [0x00000000c0000000, 0x00000000c2b00000, 0x00000000eab00000)
  object space 44032K, 20% used [0x00000000c0000000,0x00000000c08f6e30,0x00000000c2b00000)
 Metaspace       used 6206K, capacity 7096K, committed 7296K, reserved 1056768K
  class space    used 610K, capacity 624K, committed 640K, reserved 1048576K
Event: 20.791 GC heap after
Heap after GC invocations=4 (full 0):
 PSYoungGen      total 68096K, used 2552K [0x00000000eab00000, 0x00000000ef000000, 0x0000000100000000)
  eden space 65536K, 0% used [0x00000000eab00000,0x00000000eab00000,0x00000000eeb00000)
  from space 2560K, 99% used [0x00000000eed80000,0x00000000eeffe198,0x00000000ef000000)
  to   space 2560K, 0% used [0x00000000eeb00000,0x00000000eeb00000,0x00000000eed80000)
 ParOldGen       total 44032K, used 14208K [0x00000000c0000000, 0x00000000c2b00000, 0x00000000eab00000)
  object space 44032K, 32% used [0x00000000c0000000,0x00000000c0de0218,0x00000000c2b00000)
 Metaspace       used 6206K, capacity 7096K, committed 7296K, reserved 1056768K
  class space    used 610K, capacity 624K, committed 640K, reserved 1048576K
}
Event: 32.627 GC heap before
{Heap before GC invocations=5 (full 0):
 PSYoungGen      total 68096K, used 68088K [0x00000000eab00000, 0x00000000ef000000, 0x0000000100000000)
  eden space 65536K, 100% used [0x00000000eab00000,0x00000000eeb00000,0x00000000eeb00000)
  from space 2560K, 99% used [0x00000000eed80000,0x00000000eeffe198,0x00000000ef000000)
  to   space 2560K, 0% used [0x00000000eeb00000,0x00000000eeb00000,0x00000000eed80000)
 ParOldGen       total 44032K, used 14208K [0x00000000c0000000, 0x00000000c2b00000, 0x00000000eab00000)
  object space 44032K, 32% used [0x00000000c0000000,0x00000000c0de0218,0x00000000c2b00000)
 Metaspace       used 6348K, capacity 7192K, committed 7424K, reserved 1056768K
  class space    used 631K, capacity 656K, committed 768K, reserved 1048576K
Event: 32.942 GC heap after
Heap after GC invocations=5 (full 0):
 PSYoungGen      total 68096K, used 2534K [0x00000000eab00000, 0x00000000f4400000, 0x0000000100000000)
  eden space 65536K, 0% used [0x00000000eab00000,0x00000000eab00000,0x00000000eeb00000)
  from space 2560K, 99% used [0x00000000eeb00000,0x00000000eed799b8,0x00000000eed80000)
  to   space 12800K, 0% used [0x00000000f3780000,0x00000000f3780000,0x00000000f4400000)
 ParOldGen       total 44032K, used 24545K [0x00000000c0000000, 0x00000000c2b00000, 0x00000000eab00000)
  object space 44032K, 55% used [0x00000000c0000000,0x00000000c17f8788,0x00000000c2b00000)
 Metaspace       used 6348K, capacity 7192K, committed 7424K, reserved 1056768K
  class space    used 631K, capacity 656K, committed 768K, reserved 1048576K
}
Event: 43.587 GC heap before
{Heap before GC invocations=6 (full 0):
 PSYoungGen      total 68096K, used 68070K [0x00000000eab00000, 0x00000000f4400000, 0x0000000100000000)
  eden space 65536K, 100% used [0x00000000eab00000,0x00000000eeb00000,0x00000000eeb00000)
  from space 2560K, 99% used [0x00000000eeb00000,0x00000000eed799b8,0x00000000eed80000)
  to   space 12800K, 0% used [0x00000000f3780000,0x00000000f3780000,0x00000000f4400000)
 ParOldGen       total 44032K, used 24545K [0x00000000c0000000, 0x00000000c2b00000, 0x00000000eab00000)
  object space 44032K, 55% used [0x00000000c0000000,0x00000000c17f8788,0x00000000c2b00000)
 Metaspace       used 6417K, capacity 7192K, committed 7424K, reserved 1056768K
  class space    used 631K, capacity 656K, committed 768K, reserved 1048576K
Event: 43.927 GC heap after
Heap after GC invocations=6 (full 0):
 PSYoungGen      total 140800K, used 12798K [0x00000000eab00000, 0x00000000f4a00000, 0x0000000100000000)
  eden space 128000K, 0% used [0x00000000eab00000,0x00000000eab00000,0x00000000f2800000)
  from space 12800K, 99% used [0x00000000f3780000,0x00000000f43ffb40,0x00000000f4400000)
  to   space 15872K, 0% used [0x00000000f2800000,0x00000000f2800000,0x00000000f3780000)
 ParOldGen       total 44032K, used 25633K [0x00000000c0000000, 0x00000000c2b00000, 0x00000000eab00000)
  object space 44032K, 58% used [0x00000000c0000000,0x00000000c1908760,0x00000000c2b00000)
 Metaspace       used 6417K, capacity 7192K, committed 7424K, reserved 1056768K
  class space    used 631K, capacity 656K, committed 768K, reserved 1048576K
}
Event: 58.842 GC heap before
{Heap before GC invocations=7 (full 0):
 PSYoungGen      total 140800K, used 140798K [0x00000000eab00000, 0x00000000f4a00000, 0x0000000100000000)
  eden space 128000K, 100% used [0x00000000eab00000,0x00000000f2800000,0x00000000f2800000)
  from space 12800K, 99% used [0x00000000f3780000,0x00000000f43ffb40,0x00000000f4400000)
  to   space 15872K, 0% used [0x00000000f2800000,0x00000000f2800000,0x00000000f3780000)
 ParOldGen       total 44032K, used 25633K [0x00000000c0000000, 0x00000000c2b00000, 0x00000000eab00000)
  object space 44032K, 58% used [0x00000000c0000000,0x00000000c1908760,0x00000000c2b00000)
 Metaspace       used 6461K, capacity 7256K, committed 7424K, reserved 1056768K
  class space    used 632K, capacity 656K, committed 768K, reserved 1048576K
Event: 59.196 GC heap after
Heap after GC invocations=7 (full 0):
 PSYoungGen      total 143872K, used 15848K [0x00000000eab00000, 0x00000000fdb00000, 0x0000000100000000)
  eden space 128000K, 0% used [0x00000000eab00000,0x00000000eab00000,0x00000000f2800000)
  from space 15872K, 99% used [0x00000000f2800000,0x00000000f377a3f0,0x00000000f3780000)
  to   space 27648K, 0% used [0x00000000fc000000,0x00000000fc000000,0x00000000fdb00000)
 ParOldGen       total 44544K, used 44269K [0x00000000c0000000, 0x00000000c2b80000, 0x00000000eab00000)
  object space 44544K, 99% used [0x00000000c0000000,0x00000000c2b3b668,0x00000000c2b80000)
 Metaspace       used 6461K, capacity 7256K, committed 7424K, reserved 1056768K
  class space    used 632K, capacity 656K, committed 768K, reserved 1048576K
}
Event: 59.196 GC heap before
{Heap before GC invocations=8 (full 1):
 PSYoungGen      total 143872K, used 15848K [0x00000000eab00000, 0x00000000fdb00000, 0x0000000100000000)
  eden space 128000K, 0% used [0x00000000eab00000,0x00000000eab00000,0x00000000f2800000)
  from space 15872K, 99% used [0x00000000f2800000,0x00000000f377a3f0,0x00000000f3780000)
  to   space 27648K, 0% used [0x00000000fc000000,0x00000000fc000000,0x00000000fdb00000)
 ParOldGen       total 44544K, used 44269K [0x00000000c0000000, 0x00000000c2b80000, 0x00000000eab00000)
  object space 44544K, 99% used [0x00000000c0000000,0x00000000c2b3b668,0x00000000c2b80000)
 Metaspace       used 6461K, capacity 7256K, committed 7424K, reserved 1056768K
  class space    used 632K, capacity 656K, committed 768K, reserved 1048576K
Event: 63.697 GC heap after
Heap after GC invocations=8 (full 1):
 PSYoungGen      total 143872K, used 12242K [0x00000000eab00000, 0x00000000fdb00000, 0x0000000100000000)
  eden space 128000K, 0% used [0x00000000eab00000,0x00000000eab00000,0x00000000f2800000)
  from space 15872K, 77% used [0x00000000f2800000,0x00000000f33f4888,0x00000000f3780000)
  to   space 27648K, 0% used [0x00000000fc000000,0x00000000fc000000,0x00000000fdb00000)
 ParOldGen       total 88064K, used 44224K [0x00000000c0000000, 0x00000000c5600000, 0x00000000eab00000)
  object space 88064K, 50% used [0x00000000c0000000,0x00000000c2b302a0,0x00000000c5600000)
 Metaspace       used 6461K, capacity 7256K, committed 7424K, reserved 1056768K
  class space    used 632K, capacity 656K, committed 768K, reserved 1048576K
}

Deoptimization events (10 events):
Event: 57.959 Thread 0x00000000565c7800 Uncommon trap: reason=bimorphic action=maybe_recompile pc=0x0000000002924878 method=com.android.dx.ssa.back.FirstFitLocalCombiningAllocator.findNextUnreservedRopReg(IILcom/android/dx/ssa/back/FirstFitLocalCombiningAllocator$Alignment;)I @ 60
Event: 57.959 Thread 0x00000000565c7800 Uncommon trap: reason=bimorphic action=maybe_recompile pc=0x0000000002924878 method=com.android.dx.ssa.back.FirstFitLocalCombiningAllocator.findNextUnreservedRopReg(IILcom/android/dx/ssa/back/FirstFitLocalCombiningAllocator$Alignment;)I @ 60
Event: 57.959 Thread 0x00000000565c7800 Uncommon trap: reason=bimorphic action=maybe_recompile pc=0x0000000002924878 method=com.android.dx.ssa.back.FirstFitLocalCombiningAllocator.findNextUnreservedRopReg(IILcom/android/dx/ssa/back/FirstFitLocalCombiningAllocator$Alignment;)I @ 60
Event: 57.970 Thread 0x00000000565c7800 Uncommon trap: reason=unstable_if action=reinterpret pc=0x0000000002ee1550 method=com.android.dx.ssa.LiteralOpUpgrader$1.visitNonMoveInsn(Lcom/android/dx/ssa/NormalSsaInsn;)V @ 55
Event: 57.971 Thread 0x00000000565c7800 Uncommon trap: reason=unstable_if action=reinterpret pc=0x0000000002bd790c method=com.android.dx.ssa.SsaMethod.updateOneDefinition(Lcom/android/dx/ssa/SsaInsn;Lcom/android/dx/rop/code/RegisterSpec;)V @ 4
Event: 58.284 Thread 0x00000000565f7000 Uncommon trap: reason=bimorphic action=maybe_recompile pc=0x0000000003097b84 method=com.android.dx.cf.code.BytecodeArray.parseInstruction(ILcom/android/dx/cf/code/BytecodeArray$Visitor;)I @ 1224
Event: 58.284 Thread 0x00000000565f7000 Uncommon trap: reason=bimorphic action=maybe_recompile pc=0x0000000003097b84 method=com.android.dx.cf.code.BytecodeArray.parseInstruction(ILcom/android/dx/cf/code/BytecodeArray$Visitor;)I @ 1224
Event: 58.363 Thread 0x00000000565ea800 Uncommon trap: reason=unstable_if action=reinterpret pc=0x000000000291a6d0 method=com.android.dx.cf.code.RopperMachine.run(Lcom/android/dx/cf/code/Frame;II)V @ 356
Event: 58.365 Thread 0x00000000565ea800 Uncommon trap: reason=unstable_if action=reinterpret pc=0x0000000002fc9050 method=com.android.dx.cf.code.Merger.mergeType(Lcom/android/dx/rop/type/TypeBearer;Lcom/android/dx/rop/type/TypeBearer;)Lcom/android/dx/rop/type/TypeBearer; @ 52
Event: 58.684 Thread 0x00000000565ea800 Uncommon trap: reason=unstable_if action=reinterpret pc=0x0000000002dd3b34 method=com.android.dx.rop.code.BasicBlockList.preferredSuccessorOf(Lcom/android/dx/rop/code/BasicBlock;)Lcom/android/dx/rop/code/BasicBlock; @ 58

Internal exceptions (6 events):
Event: 0.248 Thread 0x000000000216e000 Exception <a 'java/lang/NoSuchMethodError': Method sun.misc.Unsafe.defineClass(Ljava/lang/String;[BII)Ljava/lang/Class; name or signature does not match> (0x00000000eab07c78) thrown at [C:\re\workspace\8-2-build-windows-amd64-cygwin\jdk8u111\7883\hotspot\
Event: 0.248 Thread 0x000000000216e000 Exception <a 'java/lang/NoSuchMethodError': Method sun.misc.Unsafe.prefetchRead(Ljava/lang/Object;J)V name or signature does not match> (0x00000000eab07f60) thrown at [C:\re\workspace\8-2-build-windows-amd64-cygwin\jdk8u111\7883\hotspot\src\share\vm\prims
Event: 1.105 Thread 0x000000000216e000 Exception <a 'java/io/FileNotFoundException'> (0x00000000eab5b0c8) thrown at [C:\re\workspace\8-2-build-windows-amd64-cygwin\jdk8u111\7883\hotspot\src\share\vm\prims\jni.cpp, line 709]
Event: 21.745 Thread 0x00000000565f2000 Exception <a 'java/lang/ArrayIndexOutOfBoundsException': 18> (0x00000000eb2db0e8) thrown at [C:\re\workspace\8-2-build-windows-amd64-cygwin\jdk8u111\7883\hotspot\src\share\vm\interpreter\interpreterRuntime.cpp, line 366]
Event: 21.746 Thread 0x00000000565f2000 Exception <a 'java/lang/ArrayIndexOutOfBoundsException'> (0x00000000eb2dcc68) thrown at [C:\re\workspace\8-2-build-windows-amd64-cygwin\jdk8u111\7883\hotspot\src\share\vm\runtime\sharedRuntime.cpp, line 605]
Event: 21.748 Thread 0x00000000565f2000 Exception <a 'java/lang/ArrayIndexOutOfBoundsException'> (0x00000000eb2ddf50) thrown at [C:\re\workspace\8-2-build-windows-amd64-cygwin\jdk8u111\7883\hotspot\src\share\vm\runtime\sharedRuntime.cpp, line 605]

Events (10 events):
Event: 58.465 Thread 0x00000000565ea800 DEOPT UNPACKING pc=0x00000000027e747f sp=0x0000000056b8e758 mode 0
Event: 58.518 Thread 0x000000000216e000 DEOPT PACKING pc=0x0000000002cdac47 sp=0x00000000024ce2d0
Event: 58.518 Thread 0x000000000216e000 DEOPT UNPACKING pc=0x00000000027e747f sp=0x00000000024ce070 mode 0
Event: 58.684 Thread 0x00000000565ea800 Uncommon trap: trap_request=0xffffff65 fr.pc=0x0000000002dd3b34
Event: 58.684 Thread 0x00000000565ea800 DEOPT PACKING pc=0x0000000002dd3b34 sp=0x0000000056b8ea90
Event: 58.684 Thread 0x00000000565ea800 DEOPT UNPACKING pc=0x00000000027e582a sp=0x0000000056b8ea18 mode 2
Event: 58.829 Executing VM operation: ParallelGCFailedAllocation
Event: 63.697 Executing VM operation: ParallelGCFailedAllocation done
Event: 63.839 Thread 0x00000000565f2000 DEOPT PACKING pc=0x0000000002c898b1 sp=0x0000000056d2e1f0
Event: 63.839 Thread 0x00000000565f2000 DEOPT UNPACKING pc=0x00000000027e747f sp=0x0000000056d2dfe8 mode 0


Dynamic libraries:
0x000000013fd10000 - 0x000000013fd47000 	C:\Program Files\Java\jdk1.8.0_111\bin\java.exe
0x0000000077560000 - 0x0000000077709000 	C:\Windows\SYSTEM32\ntdll.dll
0x0000000077440000 - 0x000000007755f000 	C:\Windows\system32\kernel32.dll
0x000007fefd510000 - 0x000007fefd57c000 	C:\Windows\system32\KERNELBASE.dll
0x000007feff170000 - 0x000007feff24b000 	C:\Windows\system32\ADVAPI32.dll
0x000007fefd870000 - 0x000007fefd90f000 	C:\Windows\system32\msvcrt.dll
0x000007fefee80000 - 0x000007fefee9f000 	C:\Windows\SYSTEM32\sechost.dll
0x000007feff250000 - 0x000007feff37d000 	C:\Windows\system32\RPCRT4.dll
0x0000000077340000 - 0x000000007743a000 	C:\Windows\system32\USER32.dll
0x000007fefeb80000 - 0x000007fefebe7000 	C:\Windows\system32\GDI32.dll
0x000007fefef50000 - 0x000007fefef5e000 	C:\Windows\system32\LPK.dll
0x000007fefec00000 - 0x000007fefecc9000 	C:\Windows\system32\USP10.dll
0x000007fefbf30000 - 0x000007fefc124000 	C:\Windows\WinSxS\amd64_microsoft.windows.common-controls_6595b64144ccf1df_6.0.7601.17514_none_fa396087175ac9ac\COMCTL32.dll
0x000007feff610000 - 0x000007feff681000 	C:\Windows\system32\SHLWAPI.dll
0x000007fefd910000 - 0x000007fefd93e000 	C:\Windows\system32\IMM32.DLL
0x000007fefea70000 - 0x000007fefeb79000 	C:\Windows\system32\MSCTF.dll
0x0000000072090000 - 0x0000000072162000 	C:\Program Files\Java\jdk1.8.0_111\jre\bin\msvcr100.dll
0x0000000070e70000 - 0x000000007170a000 	C:\Program Files\Java\jdk1.8.0_111\jre\bin\server\jvm.dll
0x000007fee8070000 - 0x000007fee8079000 	C:\Windows\system32\WSOCK32.dll
0x000007fefeea0000 - 0x000007fefeeed000 	C:\Windows\system32\WS2_32.dll
0x000007fefebf0000 - 0x000007fefebf8000 	C:\Windows\system32\NSI.dll
0x000007fefb250000 - 0x000007fefb28b000 	C:\Windows\system32\WINMM.dll
0x000007fefc5c0000 - 0x000007fefc5cc000 	C:\Windows\system32\VERSION.dll
0x0000000077730000 - 0x0000000077737000 	C:\Windows\system32\PSAPI.DLL
0x0000000074120000 - 0x000000007412f000 	C:\Program Files\Java\jdk1.8.0_111\jre\bin\verify.dll
0x0000000073b70000 - 0x0000000073b99000 	C:\Program Files\Java\jdk1.8.0_111\jre\bin\java.dll
0x0000000073880000 - 0x0000000073896000 	C:\Program Files\Java\jdk1.8.0_111\jre\bin\zip.dll
0x000007fefd940000 - 0x000007fefe6c9000 	C:\Windows\system32\SHELL32.dll
0x000007fefef60000 - 0x000007feff163000 	C:\Windows\system32\ole32.dll
0x000007fefd460000 - 0x000007fefd46f000 	C:\Windows\system32\profapi.dll

VM Arguments:
jvm_args: -Djava.awt.headless=true -Xmx1024M -Dfile.encoding=windows-1251 -Duser.country=RU -Duser.language=ru -Duser.variant 
java_command: com.android.dx.command.Main --dex --num-threads=4 --output C:\!DISK\GitHub\Chat\rn-chat\android\app\build\intermediates\pre-dexed\debug\com.facebook.react-react-native-0.54.0_f405dc8604c5d90a187ebec930d2411b5bd76158.jar C:\!DISK\GitHub\Chat\rn-chat\android\app\build\intermediates\exploded-aar\com.facebook.react\react-native\0.54.0\jars\classes.jar
java_class_path (initial): C:\Users\ed\AppData\Local\Android\sdk\build-tools\23.0.1\lib\dx.jar
Launcher Type: SUN_STANDARD

Environment Variables:
CLASSPATH=C:\!DISK\GitHub\Chat\rn-chat\android\\gradle\wrapper\gradle-wrapper.jar
PATH=C:\ProgramData\Oracle\Java\javapath;C:\Windows\system32;C:\Windows;C:\Windows\System32\Wbem;C:\Windows\System32\WindowsPowerShell\v1.0\;C:\Program Files\Git\cmd;C:\Program Files\nodejs\;C:\Program Files (x86)\Skype\Phone\;C:\Users\ed\AppData\Roaming\npm;C:\Program Files\Heroku\bin;C:\Program Files\Java\jdk1.8.0_111\bin
USERNAME=ed
OS=Windows_NT
PROCESSOR_IDENTIFIER=Intel64 Family 6 Model 55 Stepping 8, GenuineIntel



---------------  S Y S T E M  ---------------

OS: Windows 7 , 64 bit Build 7601 (6.1.7601.18409)

CPU:total 2 (2 cores per cpu, 1 threads per core) family 6 model 55 stepping 8, cmov, cx8, fxsr, mmx, sse, sse2, sse3, ssse3, sse4.1, sse4.2, popcnt, clmul, erms, 3dnowpref, tsc, tscinvbit

Memory: 4k page, physical 4075892k(361452k free), swap 5098036k(5160k free)

vm_info: Java HotSpot(TM) 64-Bit Server VM (25.111-b14) for windows-amd64 JRE (1.8.0_111-b14), built on Sep 22 2016 19:24:05 by "java_re" with MS VC++ 10.0 (VS2010)

time: Sun Mar 25 11:11:42 2018
elapsed time: 64 seconds (0d 0h 1m 4s)

