#
# There is insufficient memory for the Java Runtime Environment to continue.
# Native memory allocation (malloc) failed to allocate 1259376 bytes for Chunk::new
# Possible reasons:
#   The system is out of physical RAM or swap space
#   In 32 bit mode, the process size limit was hit
# Possible solutions:
#   Reduce memory load on the system
#   Increase physical memory or swap space
#   Check if swap backing store is full
#   Use 64 bit Java on a 64 bit OS
#   Decrease Java heap size (-Xmx/-Xms)
#   Decrease number of Java threads
#   Decrease Java thread stack sizes (-Xss)
#   Set larger code cache with -XX:ReservedCodeCacheSize=
# This output file may be truncated or incomplete.
#
#  Out of Memory Error (allocation.cpp:390), pid=4456, tid=0x00000000000011b0
#
# JRE version: Java(TM) SE Runtime Environment (8.0_111-b14) (build 1.8.0_111-b14)
# Java VM: Java HotSpot(TM) 64-Bit Server VM (25.111-b14 mixed mode windows-amd64 compressed oops)
# Failed to write core dump. Minidumps are not enabled by default on client versions of Windows
#

---------------  T H R E A D  ---------------

Current thread (0x0000000054df7800):  JavaThread "C2 CompilerThread0" daemon [_thread_in_native, id=4528, stack(0x0000000055b40000,0x0000000055c40000)]

Stack: [0x0000000055b40000,0x0000000055c40000]
[error occurred during error reporting (printing stack bounds), id 0xc0000005]

Native frames: (J=compiled Java code, j=interpreted, Vv=VM code, C=native code)


Current CompileTask:
C2:  51012 1956   !   4       com.android.dx.cf.code.Ropper::processBlock (1101 bytes)


---------------  P R O C E S S  ---------------

Java Threads: ( => current thread )
  0x000000005656d800 JavaThread "pool-1-thread-4" [_thread_blocked, id=4560, stack(0x0000000056fe0000,0x00000000570e0000)]
  0x000000005656d000 JavaThread "pool-1-thread-3" [_thread_blocked, id=4556, stack(0x0000000056eb0000,0x0000000056fb0000)]
  0x000000005656c800 JavaThread "pool-1-thread-2" [_thread_blocked, id=4552, stack(0x0000000056c80000,0x0000000056d80000)]
  0x0000000056568000 JavaThread "pool-2-thread-1" [_thread_blocked, id=4548, stack(0x0000000056b10000,0x0000000056c10000)]
  0x000000005651b000 JavaThread "pool-1-thread-1" [_thread_in_Java, id=4544, stack(0x00000000569d0000,0x0000000056ad0000)]
  0x0000000054e0d000 JavaThread "Service Thread" daemon [_thread_blocked, id=4536, stack(0x0000000056200000,0x0000000056300000)]
  0x0000000054dfd800 JavaThread "C1 CompilerThread1" daemon [_thread_blocked, id=4532, stack(0x0000000056020000,0x0000000056120000)]
=>0x0000000054df7800 JavaThread "C2 CompilerThread0" daemon [_thread_in_native, id=4528, stack(0x0000000055b40000,0x0000000055c40000)]
  0x0000000054df6000 JavaThread "Attach Listener" daemon [_thread_blocked, id=4524, stack(0x0000000055e80000,0x0000000055f80000)]
  0x0000000054df5800 JavaThread "Signal Dispatcher" daemon [_thread_blocked, id=4520, stack(0x0000000055c50000,0x0000000055d50000)]
  0x0000000054dde800 JavaThread "Finalizer" daemon [_thread_blocked, id=4516, stack(0x0000000055960000,0x0000000055a60000)]
  0x0000000054d95800 JavaThread "Reference Handler" daemon [_thread_blocked, id=4512, stack(0x0000000055820000,0x0000000055920000)]
  0x00000000001fe000 JavaThread "main" [_thread_blocked, id=4496, stack(0x0000000002300000,0x0000000002400000)]

Other Threads:
  0x0000000054d8d000 VMThread [stack: 0x0000000055710000,0x0000000055810000] [id=4508]
  0x0000000054e5e000 WatcherThread [stack: 0x0000000056750000,0x0000000056850000] [id=4540]

VM state:not at safepoint (normal execution)

VM Mutex/Monitor currently owned by a thread: None

Heap:
 PSYoungGen      total 143872K, used 50458K [0x00000000eab00000, 0x00000000fd900000, 0x0000000100000000)
  eden space 128512K, 32% used [0x00000000eab00000,0x00000000ed3571e0,0x00000000f2880000)
  from space 15360K, 59% used [0x00000000f2880000,0x00000000f316f9b0,0x00000000f3780000)
  to   space 26112K, 0% used [0x00000000fbf80000,0x00000000fbf80000,0x00000000fd900000)
 ParOldGen       total 82944K, used 43650K [0x00000000c0000000, 0x00000000c5100000, 0x00000000eab00000)
  object space 82944K, 52% used [0x00000000c0000000,0x00000000c2aa0838,0x00000000c5100000)
 Metaspace       used 6639K, capacity 7256K, committed 7424K, reserved 1056768K
  class space    used 642K, capacity 656K, committed 768K, reserved 1048576K

Card table byte_map: [0x0000000011b80000,0x0000000011d90000] byte_map_base: 0x0000000011580000

Marking Bits: (ParMarkBitMap*) 0x0000000071c7a6c0
 Begin Bits: [0x0000000012260000, 0x0000000013260000)
 End Bits:   [0x0000000013260000, 0x0000000014260000)

Polling page: 0x0000000000240000

CodeCache: size=245760Kb used=10200Kb max_used=10200Kb free=235559Kb
 bounds [0x00000000027c0000, 0x00000000031c0000, 0x00000000117c0000]
 total_blobs=2365 nmethods=2096 adapters=182
 compilation: enabled

Compilation events (10 events):
Event: 50.898 Thread 0x0000000054dfd800 2181       2       com.android.dx.cf.direct.AnnotationParser::requireLength (22 bytes)
Event: 50.899 Thread 0x0000000054dfd800 nmethod 2181 0x00000000031bb510 code [0x00000000031bb680, 0x00000000031bb8b8]
Event: 50.899 Thread 0x0000000054dfd800 2182       2       com.android.dx.rop.cst.CstLiteral32::<init> (10 bytes)
Event: 50.899 Thread 0x0000000054dfd800 nmethod 2182 0x00000000031bba10 code [0x00000000031bbb60, 0x00000000031bbcb0]
Event: 50.899 Thread 0x0000000054dfd800 2183       2       com.android.dx.rop.cst.CstLiteralBits::<init> (5 bytes)
Event: 50.900 Thread 0x0000000054dfd800 nmethod 2183 0x00000000031bbd50 code [0x00000000031bbea0, 0x00000000031bbff0]
Event: 50.900 Thread 0x0000000054dfd800 2184       2       com.android.dx.rop.cst.CstFloat::make (9 bytes)
Event: 50.900 Thread 0x0000000054dfd800 nmethod 2184 0x00000000031bc090 code [0x00000000031bc1e0, 0x00000000031bc350]
Event: 50.904 Thread 0x0000000054dfd800 2185       2       com.android.dx.cf.code.BytecodeArray$ConstantParserVisitor::visitConstant (18 bytes)
Event: 50.904 Thread 0x0000000054dfd800 nmethod 2185 0x00000000031bc3d0 code [0x00000000031bc520, 0x00000000031bc690]

GC Heap History (10 events):
Event: 22.265 GC heap before
{Heap before GC invocations=4 (full 0):
 PSYoungGen      total 35328K, used 35301K [0x00000000eab00000, 0x00000000ef000000, 0x0000000100000000)
  eden space 32768K, 100% used [0x00000000eab00000,0x00000000ecb00000,0x00000000ecb00000)
  from space 2560K, 98% used [0x00000000ecb00000,0x00000000ecd797e8,0x00000000ecd80000)
  to   space 2560K, 0% used [0x00000000eed80000,0x00000000eed80000,0x00000000ef000000)
 ParOldGen       total 44032K, used 8237K [0x00000000c0000000, 0x00000000c2b00000, 0x00000000eab00000)
  object space 44032K, 18% used [0x00000000c0000000,0x00000000c080b548,0x00000000c2b00000)
 Metaspace       used 6458K, capacity 7128K, committed 7424K, reserved 1056768K
  class space    used 641K, capacity 656K, committed 768K, reserved 1048576K
Event: 22.387 GC heap after
Heap after GC invocations=4 (full 0):
 PSYoungGen      total 68096K, used 2540K [0x00000000eab00000, 0x00000000ef000000, 0x0000000100000000)
  eden space 65536K, 0% used [0x00000000eab00000,0x00000000eab00000,0x00000000eeb00000)
  from space 2560K, 99% used [0x00000000eed80000,0x00000000eeffb3e0,0x00000000ef000000)
  to   space 2560K, 0% used [0x00000000eeb00000,0x00000000eeb00000,0x00000000eed80000)
 ParOldGen       total 44032K, used 12846K [0x00000000c0000000, 0x00000000c2b00000, 0x00000000eab00000)
  object space 44032K, 29% used [0x00000000c0000000,0x00000000c0c8b8a0,0x00000000c2b00000)
 Metaspace       used 6458K, capacity 7128K, committed 7424K, reserved 1056768K
  class space    used 641K, capacity 656K, committed 768K, reserved 1048576K
}
Event: 37.988 GC heap before
{Heap before GC invocations=5 (full 0):
 PSYoungGen      total 68096K, used 68076K [0x00000000eab00000, 0x00000000ef000000, 0x0000000100000000)
  eden space 65536K, 100% used [0x00000000eab00000,0x00000000eeb00000,0x00000000eeb00000)
  from space 2560K, 99% used [0x00000000eed80000,0x00000000eeffb3e0,0x00000000ef000000)
  to   space 2560K, 0% used [0x00000000eeb00000,0x00000000eeb00000,0x00000000eed80000)
 ParOldGen       total 44032K, used 12846K [0x00000000c0000000, 0x00000000c2b00000, 0x00000000eab00000)
  object space 44032K, 29% used [0x00000000c0000000,0x00000000c0c8b8a0,0x00000000c2b00000)
 Metaspace       used 6528K, capacity 7192K, committed 7424K, reserved 1056768K
  class space    used 642K, capacity 656K, committed 768K, reserved 1048576K
Event: 38.149 GC heap after
Heap after GC invocations=5 (full 0):
 PSYoungGen      total 68096K, used 2532K [0x00000000eab00000, 0x00000000f4400000, 0x0000000100000000)
  eden space 65536K, 0% used [0x00000000eab00000,0x00000000eab00000,0x00000000eeb00000)
  from space 2560K, 98% used [0x00000000eeb00000,0x00000000eed79320,0x00000000eed80000)
  to   space 12800K, 0% used [0x00000000f3780000,0x00000000f3780000,0x00000000f4400000)
 ParOldGen       total 44032K, used 23114K [0x00000000c0000000, 0x00000000c2b00000, 0x00000000eab00000)
  object space 44032K, 52% used [0x00000000c0000000,0x00000000c1692938,0x00000000c2b00000)
 Metaspace       used 6528K, capacity 7192K, committed 7424K, reserved 1056768K
  class space    used 642K, capacity 656K, committed 768K, reserved 1048576K
}
Event: 40.374 GC heap before
{Heap before GC invocations=6 (full 0):
 PSYoungGen      total 68096K, used 68068K [0x00000000eab00000, 0x00000000f4400000, 0x0000000100000000)
  eden space 65536K, 100% used [0x00000000eab00000,0x00000000eeb00000,0x00000000eeb00000)
  from space 2560K, 98% used [0x00000000eeb00000,0x00000000eed79320,0x00000000eed80000)
  to   space 12800K, 0% used [0x00000000f3780000,0x00000000f3780000,0x00000000f4400000)
 ParOldGen       total 44032K, used 23114K [0x00000000c0000000, 0x00000000c2b00000, 0x00000000eab00000)
  object space 44032K, 52% used [0x00000000c0000000,0x00000000c1692938,0x00000000c2b00000)
 Metaspace       used 6600K, capacity 7256K, committed 7424K, reserved 1056768K
  class space    used 642K, capacity 656K, committed 768K, reserved 1048576K
Event: 40.663 GC heap after
Heap after GC invocations=6 (full 0):
 PSYoungGen      total 141312K, used 12712K [0x00000000eab00000, 0x00000000f4900000, 0x0000000100000000)
  eden space 128512K, 0% used [0x00000000eab00000,0x00000000eab00000,0x00000000f2880000)
  from space 12800K, 99% used [0x00000000f3780000,0x00000000f43ea1f0,0x00000000f4400000)
  to   space 15360K, 0% used [0x00000000f2880000,0x00000000f2880000,0x00000000f3780000)
 ParOldGen       total 44032K, used 23114K [0x00000000c0000000, 0x00000000c2b00000, 0x00000000eab00000)
  object space 44032K, 52% used [0x00000000c0000000,0x00000000c1692938,0x00000000c2b00000)
 Metaspace       used 6600K, capacity 7256K, committed 7424K, reserved 1056768K
  class space    used 642K, capacity 656K, committed 768K, reserved 1048576K
}
Event: 43.783 GC heap before
{Heap before GC invocations=7 (full 0):
 PSYoungGen      total 141312K, used 141224K [0x00000000eab00000, 0x00000000f4900000, 0x0000000100000000)
  eden space 128512K, 100% used [0x00000000eab00000,0x00000000f2880000,0x00000000f2880000)
  from space 12800K, 99% used [0x00000000f3780000,0x00000000f43ea1f0,0x00000000f4400000)
  to   space 15360K, 0% used [0x00000000f2880000,0x00000000f2880000,0x00000000f3780000)
 ParOldGen       total 44032K, used 23114K [0x00000000c0000000, 0x00000000c2b00000, 0x00000000eab00000)
  object space 44032K, 52% used [0x00000000c0000000,0x00000000c1692938,0x00000000c2b00000)
 Metaspace       used 6622K, capacity 7256K, committed 7424K, reserved 1056768K
  class space    used 642K, capacity 656K, committed 768K, reserved 1048576K
Event: 44.996 GC heap after
Heap after GC invocations=7 (full 0):
 PSYoungGen      total 143872K, used 15334K [0x00000000eab00000, 0x00000000fd900000, 0x0000000100000000)
  eden space 128512K, 0% used [0x00000000eab00000,0x00000000eab00000,0x00000000f2880000)
  from space 15360K, 99% used [0x00000000f2880000,0x00000000f3779b00,0x00000000f3780000)
  to   space 26112K, 0% used [0x00000000fbf80000,0x00000000fbf80000,0x00000000fd900000)
 ParOldGen       total 44032K, used 39972K [0x00000000c0000000, 0x00000000c2b00000, 0x00000000eab00000)
  object space 44032K, 90% used [0x00000000c0000000,0x00000000c2709210,0x00000000c2b00000)
 Metaspace       used 6622K, capacity 7256K, committed 7424K, reserved 1056768K
  class space    used 642K, capacity 656K, committed 768K, reserved 1048576K
}
Event: 44.996 GC heap before
{Heap before GC invocations=8 (full 1):
 PSYoungGen      total 143872K, used 15334K [0x00000000eab00000, 0x00000000fd900000, 0x0000000100000000)
  eden space 128512K, 0% used [0x00000000eab00000,0x00000000eab00000,0x00000000f2880000)
  from space 15360K, 99% used [0x00000000f2880000,0x00000000f3779b00,0x00000000f3780000)
  to   space 26112K, 0% used [0x00000000fbf80000,0x00000000fbf80000,0x00000000fd900000)
 ParOldGen       total 44032K, used 39972K [0x00000000c0000000, 0x00000000c2b00000, 0x00000000eab00000)
  object space 44032K, 90% used [0x00000000c0000000,0x00000000c2709210,0x00000000c2b00000)
 Metaspace       used 6622K, capacity 7256K, committed 7424K, reserved 1056768K
  class space    used 642K, capacity 656K, committed 768K, reserved 1048576K
Event: 50.244 GC heap after
Heap after GC invocations=8 (full 1):
 PSYoungGen      total 143872K, used 9150K [0x00000000eab00000, 0x00000000fd900000, 0x0000000100000000)
  eden space 128512K, 0% used [0x00000000eab00000,0x00000000eab00000,0x00000000f2880000)
  from space 15360K, 59% used [0x00000000f2880000,0x00000000f316f9b0,0x00000000f3780000)
  to   space 26112K, 0% used [0x00000000fbf80000,0x00000000fbf80000,0x00000000fd900000)
 ParOldGen       total 82944K, used 43650K [0x00000000c0000000, 0x00000000c5100000, 0x00000000eab00000)
  object space 82944K, 52% used [0x00000000c0000000,0x00000000c2aa0838,0x00000000c5100000)
 Metaspace       used 6622K, capacity 7256K, committed 7424K, reserved 1056768K
  class space    used 642K, capacity 656K, committed 768K, reserved 1048576K
}

Deoptimization events (10 events):
Event: 31.246 Thread 0x000000005656d800 Uncommon trap: reason=bimorphic action=maybe_recompile pc=0x0000000002e49e6c method=com.android.dx.ssa.LiteralOpUpgrader.tryReplacingWithConstant(Lcom/android/dx/ssa/NormalSsaInsn;)Z @ 62
Event: 31.251 Thread 0x000000005656d800 Uncommon trap: reason=bimorphic action=maybe_recompile pc=0x0000000002e49e6c method=com.android.dx.ssa.LiteralOpUpgrader.tryReplacingWithConstant(Lcom/android/dx/ssa/NormalSsaInsn;)Z @ 62
Event: 31.375 Thread 0x000000005651b000 Uncommon trap: reason=unstable_if action=reinterpret pc=0x0000000002cb636c method=com.android.dx.util.IntList.binarysearch(I)I @ 105
Event: 31.376 Thread 0x000000005651b000 Uncommon trap: reason=unstable_if action=reinterpret pc=0x0000000002fd8748 method=com.android.dx.ssa.SsaBasicBlock.newFromRop(Lcom/android/dx/rop/code/RopMethod;ILcom/android/dx/ssa/SsaMethod;)Lcom/android/dx/ssa/SsaBasicBlock; @ 164
Event: 31.379 Thread 0x000000005651b000 Uncommon trap: reason=unstable_if action=reinterpret pc=0x0000000002e417cc method=com.android.dx.ssa.SsaMethod.blockIndexToRopLabel(I)I @ 1
Event: 31.390 Thread 0x000000005651b000 Uncommon trap: reason=unstable_if action=reinterpret pc=0x0000000002d15b28 method=com.android.dx.ssa.MoveParamCombiner$1.visitNonMoveInsn(Lcom/android/dx/ssa/NormalSsaInsn;)V @ 27
Event: 34.952 Thread 0x000000005656c800 Uncommon trap: reason=unstable_if action=reinterpret pc=0x0000000002ec67b8 method=com.android.dx.rop.code.RegisterSpecSet.localItemToSpec(Lcom/android/dx/rop/code/LocalItem;)Lcom/android/dx/rop/code/RegisterSpec; @ 35
Event: 38.313 Thread 0x000000005651b000 Uncommon trap: reason=unstable_if action=reinterpret pc=0x0000000002cb267c method=com.android.dx.rop.code.LocalItem.compareHandlesNulls(Lcom/android/dx/rop/cst/CstString;Lcom/android/dx/rop/cst/CstString;)I @ 14
Event: 41.430 Thread 0x000000005651b000 Uncommon trap: reason=bimorphic action=maybe_recompile pc=0x00000000030c6f0c method=com.android.dx.cf.code.BytecodeArray.parseInstruction(ILcom/android/dx/cf/code/BytecodeArray$Visitor;)I @ 955
Event: 41.431 Thread 0x000000005651b000 Uncommon trap: reason=bimorphic action=maybe_recompile pc=0x00000000030c6f0c method=com.android.dx.cf.code.BytecodeArray.parseInstruction(ILcom/android/dx/cf/code/BytecodeArray$Visitor;)I @ 955

Internal exceptions (8 events):
Event: 0.898 Thread 0x00000000001fe000 Exception <a 'java/lang/NoSuchMethodError': Method sun.misc.Unsafe.defineClass(Ljava/lang/String;[BII)Ljava/lang/Class; name or signature does not match> (0x00000000eab07c78) thrown at [C:\re\workspace\8-2-build-windows-amd64-cygwin\jdk8u111\7883\hotspot\
Event: 0.898 Thread 0x00000000001fe000 Exception <a 'java/lang/NoSuchMethodError': Method sun.misc.Unsafe.prefetchRead(Ljava/lang/Object;J)V name or signature does not match> (0x00000000eab07f60) thrown at [C:\re\workspace\8-2-build-windows-amd64-cygwin\jdk8u111\7883\hotspot\src\share\vm\prims
Event: 1.283 Thread 0x00000000001fe000 Exception <a 'java/io/FileNotFoundException'> (0x00000000eab5b0d8) thrown at [C:\re\workspace\8-2-build-windows-amd64-cygwin\jdk8u111\7883\hotspot\src\share\vm\prims\jni.cpp, line 709]
Event: 16.520 Thread 0x000000005651b000 Exception <a 'java/lang/ArrayIndexOutOfBoundsException': 18> (0x00000000eb07ce18) thrown at [C:\re\workspace\8-2-build-windows-amd64-cygwin\jdk8u111\7883\hotspot\src\share\vm\interpreter\interpreterRuntime.cpp, line 366]
Event: 17.793 Thread 0x000000005656d800 Exception <a 'java/lang/ArrayIndexOutOfBoundsException': 145> (0x00000000eb7021f0) thrown at [C:\re\workspace\8-2-build-windows-amd64-cygwin\jdk8u111\7883\hotspot\src\share\vm\interpreter\interpreterRuntime.cpp, line 366]
Event: 17.929 Thread 0x000000005656d800 Exception <a 'java/lang/ArrayIndexOutOfBoundsException'> (0x00000000eb7034d8) thrown at [C:\re\workspace\8-2-build-windows-amd64-cygwin\jdk8u111\7883\hotspot\src\share\vm\runtime\sharedRuntime.cpp, line 605]
Event: 18.024 Thread 0x000000005656c800 Implicit null exception at 0x0000000002d52eb0 to 0x0000000002d56229
Event: 38.313 Thread 0x000000005651b000 Implicit null exception at 0x0000000002cb120a to 0x0000000002cb2645

Events (10 events):
Event: 43.682 Thread 0x000000005656d000 DEOPT PACKING pc=0x0000000002bc9146 sp=0x0000000056fae4f0
Event: 43.682 Thread 0x000000005656d000 DEOPT UNPACKING pc=0x000000000280747f sp=0x0000000056fae330 mode 0
Event: 43.783 Executing VM operation: ParallelGCFailedAllocation
Event: 50.244 Executing VM operation: ParallelGCFailedAllocation done
Event: 50.426 Thread 0x000000005656d000 DEOPT PACKING pc=0x0000000002d428f5 sp=0x0000000056fae6d0
Event: 50.426 Thread 0x000000005656d000 DEOPT UNPACKING pc=0x000000000280747f sp=0x0000000056fae438 mode 0
Event: 50.886 Thread 0x000000005651b000 DEOPT PACKING pc=0x0000000002c41b8e sp=0x0000000056acee40
Event: 50.886 Thread 0x000000005651b000 DEOPT UNPACKING pc=0x000000000280747f sp=0x0000000056acec00 mode 0
Event: 50.912 Thread 0x000000005651b000 DEOPT PACKING pc=0x0000000002bc9146 sp=0x0000000056acec10
Event: 50.912 Thread 0x000000005651b000 DEOPT UNPACKING pc=0x000000000280747f sp=0x0000000056acea50 mode 0


Dynamic libraries:
0x000000013ff40000 - 0x000000013ff77000 	C:\Program Files\Java\jdk1.8.0_111\bin\java.exe
0x0000000077bd0000 - 0x0000000077d79000 	C:\Windows\SYSTEM32\ntdll.dll
0x00000000779b0000 - 0x0000000077acf000 	C:\Windows\system32\kernel32.dll
0x000007fefdba0000 - 0x000007fefdc0c000 	C:\Windows\system32\KERNELBASE.dll
0x000007fefec50000 - 0x000007fefed2b000 	C:\Windows\system32\ADVAPI32.dll
0x000007feffe40000 - 0x000007feffedf000 	C:\Windows\system32\msvcrt.dll
0x000007feffe20000 - 0x000007feffe3f000 	C:\Windows\SYSTEM32\sechost.dll
0x000007fefe8c0000 - 0x000007fefe9ed000 	C:\Windows\system32\RPCRT4.dll
0x0000000077ad0000 - 0x0000000077bca000 	C:\Windows\system32\USER32.dll
0x000007fefe850000 - 0x000007fefe8b7000 	C:\Windows\system32\GDI32.dll
0x000007fefe0c0000 - 0x000007fefe0ce000 	C:\Windows\system32\LPK.dll
0x000007fefe5c0000 - 0x000007fefe689000 	C:\Windows\system32\USP10.dll
0x000007fefc570000 - 0x000007fefc764000 	C:\Windows\WinSxS\amd64_microsoft.windows.common-controls_6595b64144ccf1df_6.0.7601.17514_none_fa396087175ac9ac\COMCTL32.dll
0x000007fefe770000 - 0x000007fefe7e1000 	C:\Windows\system32\SHLWAPI.dll
0x000007feffdf0000 - 0x000007feffe1e000 	C:\Windows\system32\IMM32.DLL
0x000007fefed30000 - 0x000007fefee39000 	C:\Windows\system32\MSCTF.dll
0x0000000071d00000 - 0x0000000071dd2000 	C:\Program Files\Java\jdk1.8.0_111\jre\bin\msvcr100.dll
0x0000000071460000 - 0x0000000071cfa000 	C:\Program Files\Java\jdk1.8.0_111\jre\bin\server\jvm.dll
0x000007fef1760000 - 0x000007fef1769000 	C:\Windows\system32\WSOCK32.dll
0x000007fefe0f0000 - 0x000007fefe13d000 	C:\Windows\system32\WS2_32.dll
0x000007fefee40000 - 0x000007fefee48000 	C:\Windows\system32\NSI.dll
0x000007fefb9c0000 - 0x000007fefb9fb000 	C:\Windows\system32\WINMM.dll
0x000007fefcc30000 - 0x000007fefcc3c000 	C:\Windows\system32\VERSION.dll
0x0000000077da0000 - 0x0000000077da7000 	C:\Windows\system32\PSAPI.DLL
0x00000000728c0000 - 0x00000000728cf000 	C:\Program Files\Java\jdk1.8.0_111\jre\bin\verify.dll
0x0000000072890000 - 0x00000000728b9000 	C:\Program Files\Java\jdk1.8.0_111\jre\bin\java.dll
0x0000000072870000 - 0x0000000072886000 	C:\Program Files\Java\jdk1.8.0_111\jre\bin\zip.dll
0x000007fefee50000 - 0x000007feffbd9000 	C:\Windows\system32\SHELL32.dll
0x000007fefe3b0000 - 0x000007fefe5b3000 	C:\Windows\system32\ole32.dll
0x000007fefdad0000 - 0x000007fefdadf000 	C:\Windows\system32\profapi.dll

VM Arguments:
jvm_args: -Djava.awt.headless=true -Xmx1024M -Dfile.encoding=windows-1251 -Duser.country=RU -Duser.language=ru -Duser.variant 
java_command: com.android.dx.command.Main --dex --num-threads=4 --output C:\!DISK\GitHub\Socket\rnchat\android\app\build\intermediates\pre-dexed\debug\com.android.support-support-v4-23.0.1_a1cfd4ee8e51a437cb5a08a3867956012632b1cb.jar C:\!DISK\GitHub\Socket\rnchat\android\app\build\intermediates\exploded-aar\com.android.support\support-v4\23.0.1\jars\classes.jar
java_class_path (initial): C:\Users\ed\AppData\Local\Android\sdk\build-tools\23.0.1\lib\dx.jar
Launcher Type: SUN_STANDARD

Environment Variables:
CLASSPATH=C:\!DISK\GitHub\Socket\rnchat\android\\gradle\wrapper\gradle-wrapper.jar
PATH=C:\ProgramData\Oracle\Java\javapath;C:\Windows\system32;C:\Windows;C:\Windows\System32\Wbem;C:\Windows\System32\WindowsPowerShell\v1.0\;C:\Program Files\Git\cmd;C:\Program Files\nodejs\;C:\Program Files (x86)\Skype\Phone\;C:\Users\ed\AppData\Roaming\npm;C:\Program Files\Heroku\bin;C:\Program Files\Java\jdk1.8.0_111\bin
USERNAME=ed
OS=Windows_NT
PROCESSOR_IDENTIFIER=Intel64 Family 6 Model 55 Stepping 8, GenuineIntel



---------------  S Y S T E M  ---------------

OS: Windows 7 , 64 bit Build 7601 (6.1.7601.18409)

CPU:total 2 (2 cores per cpu, 1 threads per core) family 6 model 55 stepping 8, cmov, cx8, fxsr, mmx, sse, sse2, sse3, ssse3, sse4.1, sse4.2, popcnt, clmul, erms, 3dnowpref, tsc, tscinvbit

Memory: 4k page, physical 4075892k(238004k free), swap 5098036k(5096k free)

vm_info: Java HotSpot(TM) 64-Bit Server VM (25.111-b14) for windows-amd64 JRE (1.8.0_111-b14), built on Sep 22 2016 19:24:05 by "java_re" with MS VC++ 10.0 (VS2010)

time: Fri Mar 09 16:34:55 2018
elapsed time: 51 seconds (0d 0h 0m 51s)

